<?xml version="1.0" encoding="UTF-8"?>
<testng-results skipped="0" failed="0" ignored="0" total="3" passed="3">
  <reporter-output>
    <line>
      <![CDATA[title is matching]]>
    </line>
    <line>
      <![CDATA[Version is same]]>
    </line>
    <line>
      <![CDATA[title is matching]]>
    </line>
    <line>
      <![CDATA[element is present]]>
    </line>
    <line>
      <![CDATA[title is matching]]>
    </line>
    <line>
      <![CDATA[title is matching]]>
    </line>
  </reporter-output>
  <suite name="Suite" duration-ms="36338" started-at="2018-02-21T11:26:00Z" finished-at="2018-02-21T11:26:36Z">
    <groups>
    </groups>
    <test name="Test" duration-ms="36338" started-at="2018-02-21T11:26:00Z" finished-at="2018-02-21T11:26:36Z">
      <class name="scripts.ValidLoginLogout">
        <test-method status="PASS" signature="OpenAppln()[pri:0, instance:scripts.ValidLoginLogout@224aed64]" name="OpenAppln" is-config="true" duration-ms="6289" started-at="2018-02-21T16:56:27Z" finished-at="2018-02-21T16:56:34Z">
          <reporter-output>
          </reporter-output>
        </test-method> <!-- OpenAppln -->
        <test-method status="PASS" signature="testValidLoginLogout()[pri:0, instance:scripts.ValidLoginLogout@224aed64]" name="testValidLoginLogout" duration-ms="2340" started-at="2018-02-21T16:56:34Z" finished-at="2018-02-21T16:56:36Z">
          <reporter-output>
            <line>
              <![CDATA[title is matching]]>
            </line>
            <line>
              <![CDATA[title is matching]]>
            </line>
          </reporter-output>
        </test-method> <!-- testValidLoginLogout -->
        <test-method status="PASS" signature="Closeappln()[pri:0, instance:scripts.ValidLoginLogout@224aed64]" name="Closeappln" is-config="true" duration-ms="338" started-at="2018-02-21T16:56:36Z" finished-at="2018-02-21T16:56:36Z">
          <reporter-output>
          </reporter-output>
        </test-method> <!-- Closeappln -->
      </class> <!-- scripts.ValidLoginLogout -->
      <class name="scripts.InvalidLogin">
        <test-method status="PASS" signature="OpenAppln()[pri:0, instance:scripts.InvalidLogin@387c703b]" name="OpenAppln" is-config="true" duration-ms="6470" started-at="2018-02-21T16:56:12Z" finished-at="2018-02-21T16:56:18Z">
          <reporter-output>
          </reporter-output>
        </test-method> <!-- OpenAppln -->
        <test-method status="PASS" signature="testInvalidLogin()[pri:0, instance:scripts.InvalidLogin@387c703b]" name="testInvalidLogin" duration-ms="8856" started-at="2018-02-21T16:56:18Z" finished-at="2018-02-21T16:56:27Z">
          <reporter-output>
            <line>
              <![CDATA[element is present]]>
            </line>
          </reporter-output>
        </test-method> <!-- testInvalidLogin -->
        <test-method status="PASS" signature="Closeappln()[pri:0, instance:scripts.InvalidLogin@387c703b]" name="Closeappln" is-config="true" duration-ms="345" started-at="2018-02-21T16:56:27Z" finished-at="2018-02-21T16:56:27Z">
          <reporter-output>
          </reporter-output>
        </test-method> <!-- Closeappln -->
      </class> <!-- scripts.InvalidLogin -->
      <class name="scripts.VerifyActitimeVersion">
        <test-method status="PASS" signature="OpenAppln()[pri:0, instance:scripts.VerifyActitimeVersion@1ff8b8f]" name="OpenAppln" is-config="true" duration-ms="7157" started-at="2018-02-21T16:56:00Z" finished-at="2018-02-21T16:56:07Z">
          <reporter-output>
          </reporter-output>
        </test-method> <!-- OpenAppln -->
        <test-method status="PASS" signature="testVerifyActitimeVersion()[pri:0, instance:scripts.VerifyActitimeVersion@1ff8b8f]" name="testVerifyActitimeVersion" duration-ms="4041" started-at="2018-02-21T16:56:07Z" finished-at="2018-02-21T16:56:11Z">
          <reporter-output>
            <line>
              <![CDATA[title is matching]]>
            </line>
            <line>
              <![CDATA[Version is same]]>
            </line>
            <line>
              <![CDATA[title is matching]]>
            </line>
          </reporter-output>
        </test-method> <!-- testVerifyActitimeVersion -->
        <test-method status="PASS" signature="Closeappln()[pri:0, instance:scripts.VerifyActitimeVersion@1ff8b8f]" name="Closeappln" is-config="true" duration-ms="471" started-at="2018-02-21T16:56:11Z" finished-at="2018-02-21T16:56:12Z">
          <reporter-output>
          </reporter-output>
        </test-method> <!-- Closeappln -->
      </class> <!-- scripts.VerifyActitimeVersion -->
    </test> <!-- Test -->
  </suite> <!-- Suite -->
</testng-results>
