<?xml version="1.0" encoding="UTF-8"?>
<!-- Generated by org.testng.reporters.JUnitXMLReporter -->
<testsuite hostname="DESKTOP-7MOHEMN" ignored="0" name="Test" tests="3" failures="0" timestamp="21 Feb 2018 11:26:36 GMT" time="36.338" errors="0">
  <testcase name="testVerifyActitimeVersion" time="4.041" classname="scripts.VerifyActitimeVersion"/>
  <testcase name="testInvalidLogin" time="8.856" classname="scripts.InvalidLogin"/>
  <testcase name="testValidLoginLogout" time="2.34" classname="scripts.ValidLoginLogout"/>
</testsuite> <!-- Test -->
